#
# There is insufficient memory for the Java Runtime Environment to continue.
# Native memory allocation (malloc) failed to allocate 1048576 bytes for AllocateHeap
# Possible reasons:
#   The system is out of physical RAM or swap space
#   The process is running with CompressedOops enabled, and the Java Heap may be blocking the growth of the native heap
# Possible solutions:
#   Reduce memory load on the system
#   Increase physical memory or swap space
#   Check if swap backing store is full
#   Decrease Java heap size (-Xmx/-Xms)
#   Decrease number of Java threads
#   Decrease Java thread stack sizes (-Xss)
#   Set larger code cache with -XX:ReservedCodeCacheSize=
#   JVM is running with Unscaled Compressed Oops mode in which the Java heap is
#     placed in the first 4GB address space. The Java Heap base address is the
#     maximum limit for the native heap growth. Please use -XX:HeapBaseMinAddress
#     to set the Java Heap base and to place the Java Heap above 4GB virtual address.
# This output file may be truncated or incomplete.
#
#  Out of Memory Error (memory/allocation.inline.hpp:61), pid=9792, tid=0x0000000000001c70
#
# JRE version:  (8.0_202-b08) (build )
# Java VM: Java HotSpot(TM) 64-Bit Server VM (25.202-b08 mixed mode windows-amd64 compressed oops)
# Failed to write core dump. Minidumps are not enabled by default on client versions of Windows
#

---------------  T H R E A D  ---------------

Current thread (0x00000000029b3800):  JavaThread "Unknown thread" [_thread_in_vm, id=7280, stack(0x0000000002870000,0x0000000002970000)]

Stack: [0x0000000002870000,0x0000000002970000]
[error occurred during error reporting (printing stack bounds), id 0xc0000005]

Native frames: (J=compiled Java code, j=interpreted, Vv=VM code, C=native code)


---------------  P R O C E S S  ---------------

Java Threads: ( => current thread )

Other Threads:

=>0x00000000029b3800 (exited) JavaThread "Unknown thread" [_thread_in_vm, id=7280, stack(0x0000000002870000,0x0000000002970000)]

VM state:not at safepoint (normal execution)

VM Mutex/Monitor currently owned by a thread: None

heap address: 0x0000000081e00000, size: 2018 MB, Compressed Oops mode: 32-bit
Narrow klass base: 0x0000000000000000, Narrow klass shift: 3
Compressed class space size: 1073741824 Address: 0x0000000100000000

Heap:
 PSYoungGen      total 2048K, used 30K [0x00000000d5f80000, 0x00000000d6200000, 0x0000000100000000)
  eden space 1536K, 2% used [0x00000000d5f80000,0x00000000d5f87af0,0x00000000d6100000)
  from space 512K, 0% used [0x00000000d6180000,0x00000000d6180000,0x00000000d6200000)
  to   space 512K, 0% used [0x00000000d6100000,0x00000000d6100000,0x00000000d6180000)
 ParOldGen       total 5632K, used 0K [0x0000000081e00000, 0x0000000082380000, 0x00000000d5f80000)
  object space 5632K, 0% used [0x0000000081e00000,0x0000000081e00000,0x0000000082380000)
 Metaspace       used 775K, capacity 4480K, committed 4480K, reserved 1056768K
  class space    used 76K, capacity 384K, committed 384K, reserved 1048576K

Card table byte_map: [0x0000000011e70000,0x0000000012270000] byte_map_base: 0x0000000011a61000

Marking Bits: (ParMarkBitMap*) 0x0000000051185ce0
 Begin Bits: [0x0000000012d20000, 0x0000000014ca8000)
 End Bits:   [0x0000000014ca8000, 0x0000000016c30000)

Polling page: 0x0000000002850000

CodeCache: size=245760Kb used=328Kb max_used=328Kb free=245431Kb
 bounds [0x0000000002ab0000, 0x0000000002d20000, 0x0000000011ab0000]
 total_blobs=58 nmethods=0 adapters=38
 compilation: enabled

Compilation events (0 events):
No events

GC Heap History (0 events):
No events

Deoptimization events (0 events):
No events

Classes redefined (0 events):
No events

Internal exceptions (0 events):
No events

Events (10 events):
Event: 0.020 loading class java/lang/Short
Event: 0.020 loading class java/lang/Short done
Event: 0.020 loading class java/lang/Integer
Event: 0.020 loading class java/lang/Integer done
Event: 0.020 loading class java/lang/Long
Event: 0.020 loading class java/lang/Long done
Event: 0.021 loading class java/lang/NullPointerException
Event: 0.021 loading class java/lang/NullPointerException done
Event: 0.021 loading class java/lang/ArithmeticException
Event: 0.021 loading class java/lang/ArithmeticException done


Dynamic libraries:
0x00007ff7fab40000 - 0x00007ff7fab47000 	C:\Program Files\Java\jdk1.8.0_202\bin\javac.exe
0x00007ffe73070000 - 0x00007ffe73265000 	C:\Windows\SYSTEM32\ntdll.dll
0x00007ffe71110000 - 0x00007ffe711cd000 	C:\Windows\System32\KERNEL32.DLL
0x00007ffe70e10000 - 0x00007ffe710d8000 	C:\Windows\System32\KERNELBASE.dll
0x0000000050880000 - 0x0000000050952000 	C:\Program Files\Java\jdk1.8.0_202\bin\MSVCR100.dll
0x00007ffe6e150000 - 0x00007ffe6e17f000 	C:\Program Files\Java\jdk1.8.0_202\bin\jli.dll
0x00007ffe71a70000 - 0x00007ffe71b1c000 	C:\Windows\System32\ADVAPI32.dll
0x00007ffe725e0000 - 0x00007ffe7267e000 	C:\Windows\System32\msvcrt.dll
0x00007ffe72540000 - 0x00007ffe725db000 	C:\Windows\System32\sechost.dll
0x00007ffe72680000 - 0x00007ffe727ab000 	C:\Windows\System32\RPCRT4.dll
0x00007ffe71fb0000 - 0x00007ffe72150000 	C:\Windows\System32\USER32.dll
0x00007ffe70d90000 - 0x00007ffe70db2000 	C:\Windows\System32\win32u.dll
0x00007ffe599b0000 - 0x00007ffe59c4a000 	C:\Windows\WinSxS\amd64_microsoft.windows.common-controls_6595b64144ccf1df_6.0.19041.844_none_ca00b6081b84eb1d\COMCTL32.dll
0x00007ffe724b0000 - 0x00007ffe724da000 	C:\Windows\System32\GDI32.dll
0x00007ffe70c00000 - 0x00007ffe70d0b000 	C:\Windows\System32\gdi32full.dll
0x00007ffe70a60000 - 0x00007ffe70afd000 	C:\Windows\System32\msvcp_win.dll
0x00007ffe70b00000 - 0x00007ffe70c00000 	C:\Windows\System32\ucrtbase.dll
0x00007ffe722f0000 - 0x00007ffe72320000 	C:\Windows\System32\IMM32.DLL
0x0000000051210000 - 0x00000000512e2000 	C:\Program Files\Java\jdk1.8.0_202\jre\bin\msvcr100.dll
0x0000000050960000 - 0x0000000051205000 	C:\Program Files\Java\jdk1.8.0_202\jre\bin\server\jvm.dll
0x00007ffe71fa0000 - 0x00007ffe71fa8000 	C:\Windows\System32\PSAPI.DLL
0x00007ffe5ced0000 - 0x00007ffe5ced9000 	C:\Windows\SYSTEM32\WSOCK32.dll
0x00007ffe62e70000 - 0x00007ffe62e97000 	C:\Windows\SYSTEM32\WINMM.dll
0x00007ffe6b240000 - 0x00007ffe6b24a000 	C:\Windows\SYSTEM32\VERSION.dll
0x00007ffe72150000 - 0x00007ffe721bb000 	C:\Windows\System32\WS2_32.dll
0x00007ffe6ae80000 - 0x00007ffe6ae8f000 	C:\Program Files\Java\jdk1.8.0_202\jre\bin\verify.dll
0x00007ffe67960000 - 0x00007ffe67989000 	C:\Program Files\Java\jdk1.8.0_202\jre\bin\java.dll
0x00007ffe69d20000 - 0x00007ffe69d36000 	C:\Program Files\Java\jdk1.8.0_202\jre\bin\zip.dll

VM Arguments:
jvm_args: -Denv.class.path=C:\Program Files\Java\jdk1.8.0_202;.; -Dapplication.home=C:\Program Files\Java\jdk1.8.0_202 -Xms8m 
java_command: com.sun.tools.javac.Main -d C:\Users\Chayan\Desktop\Programacion\java\mavenproject3\crudClientes\build\classes -classpath C:\Users\Chayan\Desktop\Programacion\java\mavenproject3\crudClientes\build\classes;C:\Program Files\Java\jdk1.8.0_202\jre\lib\javaws.jar;C:\Program Files\Java\jdk1.8.0_202\jre\lib\deploy.jar;C:\Program Files\Java\jdk1.8.0_202\jre\lib\plugin.jar;C:\Users\Chayan\Downloads\algs4.jar;C:\Users\Chayan\Desktop\mysql-connector-j-8.1.0\mysql-connector-j-8.1.0.jar -sourcepath C:\Users\Chayan\Desktop\Programacion\java\mavenproject3\crudClientes\build\empty -target 1.8 -encoding UTF-8 -g -processorpath C:\Program Files\Java\jdk1.8.0_202\jre\lib\javaws.jar;C:\Program Files\Java\jdk1.8.0_202\jre\lib\deploy.jar;C:\Program Files\Java\jdk1.8.0_202\jre\lib\plugin.jar;C:\Users\Chayan\Downloads\algs4.jar;C:\Users\Chayan\Desktop\mysql-connector-j-8.1.0\mysql-connector-j-8.1.0.jar;C:\Users\Chayan\Desktop\Programacion\java\mavenproject3\crudClientes\build\empty -s C:\Users\Chayan\Desktop\Programacion\java\mavenproject3\crudClientes\build\generated-sources\ap-source-output -source 1.8 C:\Users\Chayan\Desktop\Programacion\java\mavenproject3\crudClientes\src\crudclientes\CrudClientes.java C:\Users\Chayan\Desktop\Programacion\java\mavenproject3\crudClientes\src\crudclientes\FXMLDocumentController.java C:\Users\Chayan\Desktop\Programacion\java\mavenproject3\crudClientes\src\datos\Conexion.java C:\Users\Chayan\Desktop\Programacion\java\mavenproject3\crudClientes\src\datos\UsuarioDao.java C:\Users\Chayan\Desktop\Programacion\java\mavenproject3\crudClientes\src\dominio\Usuario.java C:\Users\Chayan\Desktop\Programacion\java\mavenproject3\crudClientes\src\tabla\TablaClientes.java
java_class_path (initial): C:\Program Files\Java\jdk1.8.0_202/lib/tools.jar;C:\Program Files\Java\jdk1.8.0_202/classes
Launcher Type: SUN_STANDARD

Environment Variables:
JAVA_HOME=C:\Program Files\Java\jdk1.8.0_202
CLASSPATH=C:\Program Files\Java\jdk1.8.0_202;.;
PATH=C:\Python311\Scripts\;C:\Python311\;C:\Python310\Scripts\;C:\Python310\;C:\Program Files\Common Files\Oracle\Java\javapath;C:\Program Files (x86)\Common Files\Oracle\Java\javapath;C:\Windows\system32;C:\Windows;C:\Windows\System32\Wbem;C:\Windows\System32\WindowsPowerShell\v1.0\;C:\Windows\System32\OpenSSH\;C:\Program Files\Java\jdk1.8.0_202\bin;.;C:\ProgramData\chocolatey\bin;C:\Program Files\Git\cmd;C:\Program Files\Git\mingw64\bin;C:\Program Files\Git\usr\bin;C:\Program Files\Java\jdk1.8.0_202\bin;C:\Program Files\nodejs\;C:\Users\Chayan\AppData\Local\Microsoft\WindowsApps;C:\Users\Chayan\AppData\Local\Programs\Microsoft VS Code\bin;C:\AppServ\Apache24\bin;C:\AppServ\php7;C:\AppServ\MySQL\bin;C:\Users\Chayan\AppData\Roaming\npm
USERNAME=Chayan
OS=Windows_NT
PROCESSOR_IDENTIFIER=Intel64 Family 6 Model 142 Stepping 10, GenuineIntel



---------------  S Y S T E M  ---------------

OS: Windows 10.0 , 64 bit Build 19041 (10.0.19041.928)

CPU:total 8 (initial active 8) (4 cores per cpu, 2 threads per core) family 6 model 142 stepping 10, cmov, cx8, fxsr, mmx, sse, sse2, sse3, ssse3, sse4.1, sse4.2, popcnt, avx, avx2, aes, clmul, erms, 3dnowpref, lzcnt, ht, tsc, tscinvbit, bmi1, bmi2, adx

Memory: 4k page, physical 8261220k(496956k free), swap 20654692k(5840k free)

vm_info: Java HotSpot(TM) 64-Bit Server VM (25.202-b08) for windows-amd64 JRE (1.8.0_202-b08), built on Dec 15 2018 19:54:30 by "java_re" with MS VC++ 10.0 (VS2010)

time: Sat Aug 05 09:05:28 2023
timezone: Hora de verano central (México)
elapsed time: 0 seconds (0d 0h 0m 0s)

