#
# There is insufficient memory for the Java Runtime Environment to continue.
# Native memory allocation (malloc) failed to allocate 113376 bytes for Chunk::new
# Possible reasons:
#   The system is out of physical RAM or swap space
#   The process is running with CompressedOops enabled, and the Java Heap may be blocking the growth of the native heap
# Possible solutions:
#   Reduce memory load on the system
#   Increase physical memory or swap space
#   Check if swap backing store is full
#   Decrease Java heap size (-Xmx/-Xms)
#   Decrease number of Java threads
#   Decrease Java thread stack sizes (-Xss)
#   Set larger code cache with -XX:ReservedCodeCacheSize=
#   JVM is running with Unscaled Compressed Oops mode in which the Java heap is
#     placed in the first 4GB address space. The Java Heap base address is the
#     maximum limit for the native heap growth. Please use -XX:HeapBaseMinAddress
#     to set the Java Heap base and to place the Java Heap above 4GB virtual address.
# This output file may be truncated or incomplete.
#
#  Out of Memory Error (allocation.cpp:389), pid=2020, tid=0x0000000000003dc4
#
# JRE version: Java(TM) SE Runtime Environment (8.0_202-b08) (build 1.8.0_202-b08)
# Java VM: Java HotSpot(TM) 64-Bit Server VM (25.202-b08 mixed mode windows-amd64 compressed oops)
# Failed to write core dump. Minidumps are not enabled by default on client versions of Windows
#

---------------  T H R E A D  ---------------

Current thread (0x00000000194cd000):  JavaThread "C2 CompilerThread0" daemon [_thread_in_native, id=15812, stack(0x0000000019dc0000,0x0000000019ec0000)]

Stack: [0x0000000019dc0000,0x0000000019ec0000]
[error occurred during error reporting (printing stack bounds), id 0xc0000005]

Native frames: (J=compiled Java code, j=interpreted, Vv=VM code, C=native code)


Current CompileTask:
C2:    184  248  s    4       sun.misc.URLClassPath::getNextLoader (88 bytes)


---------------  P R O C E S S  ---------------

Java Threads: ( => current thread )
  0x00000000194fc000 JavaThread "Service Thread" daemon [_thread_blocked, id=17392, stack(0x000000001a1c0000,0x000000001a2c0000)]
  0x00000000194d9800 JavaThread "C1 CompilerThread3" daemon [_thread_in_native, id=7180, stack(0x000000001a0c0000,0x000000001a1c0000)]
  0x00000000194d8800 JavaThread "C2 CompilerThread2" daemon [_thread_in_native, id=12488, stack(0x0000000019fc0000,0x000000001a0c0000)]
  0x00000000194d2800 JavaThread "C2 CompilerThread1" daemon [_thread_in_native, id=18916, stack(0x0000000019ec0000,0x0000000019fc0000)]
=>0x00000000194cd000 JavaThread "C2 CompilerThread0" daemon [_thread_in_native, id=15812, stack(0x0000000019dc0000,0x0000000019ec0000)]
  0x00000000194ca000 JavaThread "Attach Listener" daemon [_thread_blocked, id=9512, stack(0x0000000019cc0000,0x0000000019dc0000)]
  0x00000000194c9000 JavaThread "Signal Dispatcher" daemon [_thread_blocked, id=5428, stack(0x0000000019bc0000,0x0000000019cc0000)]
  0x00000000194c1000 JavaThread "Finalizer" daemon [_thread_blocked, id=18984, stack(0x00000000199a0000,0x0000000019aa0000)]
  0x00000000194c0800 JavaThread "Reference Handler" daemon [_thread_blocked, id=19532, stack(0x00000000198a0000,0x00000000199a0000)]
  0x0000000002653800 JavaThread "main" [_thread_in_vm, id=18232, stack(0x0000000002470000,0x0000000002570000)]

Other Threads:
  0x00000000176b9800 VMThread [stack: 0x00000000193a0000,0x00000000194a0000] [id=16404]
  0x00000000194fe000 WatcherThread [stack: 0x000000001a2c0000,0x000000001a3c0000] [id=7844]

VM state:not at safepoint (normal execution)

VM Mutex/Monitor currently owned by a thread: None

heap address: 0x0000000081e00000, size: 2018 MB, Compressed Oops mode: 32-bit
Narrow klass base: 0x0000000000000000, Narrow klass shift: 3
Compressed class space size: 1073741824 Address: 0x0000000100000000

Heap:
 PSYoungGen      total 3584K, used 1494K [0x00000000d5f80000, 0x00000000d6380000, 0x0000000100000000)
  eden space 3072K, 32% used [0x00000000d5f80000,0x00000000d6075db0,0x00000000d6280000)
  from space 512K, 99% used [0x00000000d6280000,0x00000000d62ffc30,0x00000000d6300000)
  to   space 512K, 0% used [0x00000000d6300000,0x00000000d6300000,0x00000000d6380000)
 ParOldGen       total 5632K, used 636K [0x0000000081e00000, 0x0000000082380000, 0x00000000d5f80000)
  object space 5632K, 11% used [0x0000000081e00000,0x0000000081e9f050,0x0000000082380000)
 Metaspace       used 5259K, capacity 6540K, committed 6656K, reserved 1060864K
  class space    used 668K, capacity 712K, committed 768K, reserved 1048576K

Card table byte_map: [0x0000000011b10000,0x0000000011f10000] byte_map_base: 0x0000000011701000

Marking Bits: (ParMarkBitMap*) 0x0000000051185ce0
 Begin Bits: [0x00000000129c0000, 0x0000000014948000)
 End Bits:   [0x0000000014948000, 0x00000000168d0000)

Polling page: 0x0000000000860000

CodeCache: size=245760Kb used=1608Kb max_used=1608Kb free=244151Kb
 bounds [0x0000000002750000, 0x00000000029c0000, 0x0000000011750000]
 total_blobs=503 nmethods=245 adapters=171
 compilation: enabled

Compilation events (10 events):
Event: 0.175 Thread 0x00000000194d9800 nmethod 246 0x00000000028dcdd0 code [0x00000000028dcf40, 0x00000000028dd0c8]
Event: 0.175 Thread 0x00000000194d9800  247       3       java.util.zip.ZipCoder::toString (190 bytes)
Event: 0.175 Thread 0x00000000194cd000  248  s    4       sun.misc.URLClassPath::getNextLoader (88 bytes)
Event: 0.176 Thread 0x00000000194d9800 nmethod 247 0x00000000028dd150 code [0x00000000028dd4e0, 0x00000000028df498]
Event: 0.176 Thread 0x00000000194d9800  249       3       java.util.zip.ZipEntry::setExtra0 (360 bytes)
Event: 0.177 Thread 0x00000000194d9800 nmethod 249 0x00000000028e05d0 code [0x00000000028e0880, 0x00000000028e1588]
Event: 0.177 Thread 0x00000000194d9800  251       3       java.util.jar.Manifest::getTrustedAttributes (57 bytes)
Event: 0.177 Thread 0x00000000194d2800  252       4       sun.nio.cs.UTF_8$Encoder::encode (359 bytes)
Event: 0.178 Thread 0x00000000194d9800 nmethod 251 0x00000000028e1b90 code [0x00000000028e1da0, 0x00000000028e2978]
Event: 0.178 Thread 0x00000000194d9800  242       3       sun.net.www.protocol.jar.Handler::parseURL (201 bytes)

GC Heap History (6 events):
Event: 0.091 GC heap before
{Heap before GC invocations=1 (full 0):
 PSYoungGen      total 2048K, used 1529K [0x00000000d5f80000, 0x00000000d6200000, 0x0000000100000000)
  eden space 1536K, 99% used [0x00000000d5f80000,0x00000000d60fe6c8,0x00000000d6100000)
  from space 512K, 0% used [0x00000000d6180000,0x00000000d6180000,0x00000000d6200000)
  to   space 512K, 0% used [0x00000000d6100000,0x00000000d6100000,0x00000000d6180000)
 ParOldGen       total 5632K, used 0K [0x0000000081e00000, 0x0000000082380000, 0x00000000d5f80000)
  object space 5632K, 0% used [0x0000000081e00000,0x0000000081e00000,0x0000000082380000)
 Metaspace       used 3232K, capacity 4812K, committed 5120K, reserved 1056768K
  class space    used 375K, capacity 456K, committed 512K, reserved 1048576K
Event: 0.093 GC heap after
Heap after GC invocations=1 (full 0):
 PSYoungGen      total 2048K, used 496K [0x00000000d5f80000, 0x00000000d6380000, 0x0000000100000000)
  eden space 1536K, 0% used [0x00000000d5f80000,0x00000000d5f80000,0x00000000d6100000)
  from space 512K, 96% used [0x00000000d6100000,0x00000000d617c010,0x00000000d6180000)
  to   space 512K, 0% used [0x00000000d6300000,0x00000000d6300000,0x00000000d6380000)
 ParOldGen       total 5632K, used 48K [0x0000000081e00000, 0x0000000082380000, 0x00000000d5f80000)
  object space 5632K, 0% used [0x0000000081e00000,0x0000000081e0c010,0x0000000082380000)
 Metaspace       used 3232K, capacity 4812K, committed 5120K, reserved 1056768K
  class space    used 375K, capacity 456K, committed 512K, reserved 1048576K
}
Event: 0.122 GC heap before
{Heap before GC invocations=2 (full 0):
 PSYoungGen      total 2048K, used 1993K [0x00000000d5f80000, 0x00000000d6380000, 0x0000000100000000)
  eden space 1536K, 97% used [0x00000000d5f80000,0x00000000d60f6668,0x00000000d6100000)
  from space 512K, 96% used [0x00000000d6100000,0x00000000d617c010,0x00000000d6180000)
  to   space 512K, 0% used [0x00000000d6300000,0x00000000d6300000,0x00000000d6380000)
 ParOldGen       total 5632K, used 48K [0x0000000081e00000, 0x0000000082380000, 0x00000000d5f80000)
  object space 5632K, 0% used [0x0000000081e00000,0x0000000081e0c010,0x0000000082380000)
 Metaspace       used 3994K, capacity 5388K, committed 5760K, reserved 1056768K
  class space    used 475K, capacity 520K, committed 640K, reserved 1048576K
Event: 0.124 GC heap after
Heap after GC invocations=2 (full 0):
 PSYoungGen      total 3584K, used 480K [0x00000000d5f80000, 0x00000000d6380000, 0x0000000100000000)
  eden space 3072K, 0% used [0x00000000d5f80000,0x00000000d5f80000,0x00000000d6280000)
  from space 512K, 93% used [0x00000000d6300000,0x00000000d6378020,0x00000000d6380000)
  to   space 512K, 0% used [0x00000000d6280000,0x00000000d6280000,0x00000000d6300000)
 ParOldGen       total 5632K, used 120K [0x0000000081e00000, 0x0000000082380000, 0x00000000d5f80000)
  object space 5632K, 2% used [0x0000000081e00000,0x0000000081e1e010,0x0000000082380000)
 Metaspace       used 3994K, capacity 5388K, committed 5760K, reserved 1056768K
  class space    used 475K, capacity 520K, committed 640K, reserved 1048576K
}
Event: 0.164 GC heap before
{Heap before GC invocations=3 (full 0):
 PSYoungGen      total 3584K, used 3497K [0x00000000d5f80000, 0x00000000d6380000, 0x0000000100000000)
  eden space 3072K, 98% used [0x00000000d5f80000,0x00000000d6272578,0x00000000d6280000)
  from space 512K, 93% used [0x00000000d6300000,0x00000000d6378020,0x00000000d6380000)
  to   space 512K, 0% used [0x00000000d6280000,0x00000000d6280000,0x00000000d6300000)
 ParOldGen       total 5632K, used 120K [0x0000000081e00000, 0x0000000082380000, 0x00000000d5f80000)
  object space 5632K, 2% used [0x0000000081e00000,0x0000000081e1e010,0x0000000082380000)
 Metaspace       used 4912K, capacity 6220K, committed 6400K, reserved 1058816K
  class space    used 607K, capacity 648K, committed 768K, reserved 1048576K
Event: 0.165 GC heap after
Heap after GC invocations=3 (full 0):
 PSYoungGen      total 3584K, used 511K [0x00000000d5f80000, 0x00000000d6380000, 0x0000000100000000)
  eden space 3072K, 0% used [0x00000000d5f80000,0x00000000d5f80000,0x00000000d6280000)
  from space 512K, 99% used [0x00000000d6280000,0x00000000d62ffc30,0x00000000d6300000)
  to   space 512K, 0% used [0x00000000d6300000,0x00000000d6300000,0x00000000d6380000)
 ParOldGen       total 5632K, used 636K [0x0000000081e00000, 0x0000000082380000, 0x00000000d5f80000)
  object space 5632K, 11% used [0x0000000081e00000,0x0000000081e9f050,0x0000000082380000)
 Metaspace       used 4912K, capacity 6220K, committed 6400K, reserved 1058816K
  class space    used 607K, capacity 648K, committed 768K, reserved 1048576K
}

Deoptimization events (0 events):
No events

Classes redefined (0 events):
No events

Internal exceptions (8 events):
Event: 0.029 Thread 0x0000000002653800 Exception <a 'java/lang/NoSuchMethodError': Method sun.misc.Unsafe.defineClass(Ljava/lang/String;[BII)Ljava/lang/Class; name or signature does not match> (0x00000000d5f87cd8) thrown at [C:\re\workspace\8-2-build-windows-amd64-cygwin\jdk8u202\12323\hotspot
Event: 0.029 Thread 0x0000000002653800 Exception <a 'java/lang/NoSuchMethodError': Method sun.misc.Unsafe.prefetchRead(Ljava/lang/Object;J)V name or signature does not match> (0x00000000d5f87fc0) thrown at [C:\re\workspace\8-2-build-windows-amd64-cygwin\jdk8u202\12323\hotspot\src\share\vm\prim
Event: 0.090 Thread 0x0000000002653800 Exception <a 'java/security/PrivilegedActionException'> (0x00000000d60e8808) thrown at [C:\re\workspace\8-2-build-windows-amd64-cygwin\jdk8u202\12323\hotspot\src\share\vm\prims\jvm.cpp, line 1502]
Event: 0.090 Thread 0x0000000002653800 Exception <a 'java/security/PrivilegedActionException'> (0x00000000d60e8c00) thrown at [C:\re\workspace\8-2-build-windows-amd64-cygwin\jdk8u202\12323\hotspot\src\share\vm\prims\jvm.cpp, line 1502]
Event: 0.090 Thread 0x0000000002653800 Exception <a 'java/security/PrivilegedActionException'> (0x00000000d60eccf8) thrown at [C:\re\workspace\8-2-build-windows-amd64-cygwin\jdk8u202\12323\hotspot\src\share\vm\prims\jvm.cpp, line 1502]
Event: 0.090 Thread 0x0000000002653800 Exception <a 'java/security/PrivilegedActionException'> (0x00000000d60ed0f0) thrown at [C:\re\workspace\8-2-build-windows-amd64-cygwin\jdk8u202\12323\hotspot\src\share\vm\prims\jvm.cpp, line 1502]
Event: 0.095 Thread 0x0000000002653800 Exception <a 'java/security/PrivilegedActionException'> (0x00000000d5f931f0) thrown at [C:\re\workspace\8-2-build-windows-amd64-cygwin\jdk8u202\12323\hotspot\src\share\vm\prims\jvm.cpp, line 1502]
Event: 0.095 Thread 0x0000000002653800 Exception <a 'java/security/PrivilegedActionException'> (0x00000000d5f935e8) thrown at [C:\re\workspace\8-2-build-windows-amd64-cygwin\jdk8u202\12323\hotspot\src\share\vm\prims\jvm.cpp, line 1502]

Events (10 events):
Event: 0.178 loading class com/sun/source/tree/VariableTree
Event: 0.178 loading class com/sun/source/tree/VariableTree done
Event: 0.178 loading class com/sun/tools/javac/tree/JCTree$JCTypeIntersection
Event: 0.178 loading class com/sun/tools/javac/tree/JCTree$JCTypeIntersection done
Event: 0.178 loading class com/sun/source/tree/IntersectionTypeTree
Event: 0.178 loading class com/sun/source/tree/IntersectionTypeTree done
Event: 0.178 loading class com/sun/tools/javac/tree/JCTree$TypeBoundKind
Event: 0.178 loading class com/sun/tools/javac/tree/JCTree$TypeBoundKind done
Event: 0.178 loading class com/sun/tools/javac/tree/TreeTranslator
Event: 0.178 loading class com/sun/tools/javac/tree/TreeTranslator done


Dynamic libraries:
0x00007ff6824a0000 - 0x00007ff6824a7000 	C:\Program Files\Java\jdk1.8.0_202\bin\javac.exe
0x00007ffe73070000 - 0x00007ffe73265000 	C:\Windows\SYSTEM32\ntdll.dll
0x00007ffe71110000 - 0x00007ffe711cd000 	C:\Windows\System32\KERNEL32.DLL
0x00007ffe70e10000 - 0x00007ffe710d8000 	C:\Windows\System32\KERNELBASE.dll
0x00007ffe511a0000 - 0x00007ffe511cf000 	C:\Program Files\Java\jdk1.8.0_202\bin\jli.dll
0x0000000050880000 - 0x0000000050952000 	C:\Program Files\Java\jdk1.8.0_202\bin\MSVCR100.dll
0x00007ffe71a70000 - 0x00007ffe71b1c000 	C:\Windows\System32\ADVAPI32.dll
0x00007ffe725e0000 - 0x00007ffe7267e000 	C:\Windows\System32\msvcrt.dll
0x00007ffe72540000 - 0x00007ffe725db000 	C:\Windows\System32\sechost.dll
0x00007ffe72680000 - 0x00007ffe727ab000 	C:\Windows\System32\RPCRT4.dll
0x00007ffe71fb0000 - 0x00007ffe72150000 	C:\Windows\System32\USER32.dll
0x00007ffe70d90000 - 0x00007ffe70db2000 	C:\Windows\System32\win32u.dll
0x00007ffe599b0000 - 0x00007ffe59c4a000 	C:\Windows\WinSxS\amd64_microsoft.windows.common-controls_6595b64144ccf1df_6.0.19041.844_none_ca00b6081b84eb1d\COMCTL32.dll
0x00007ffe724b0000 - 0x00007ffe724da000 	C:\Windows\System32\GDI32.dll
0x00007ffe70c00000 - 0x00007ffe70d0b000 	C:\Windows\System32\gdi32full.dll
0x00007ffe70a60000 - 0x00007ffe70afd000 	C:\Windows\System32\msvcp_win.dll
0x00007ffe70b00000 - 0x00007ffe70c00000 	C:\Windows\System32\ucrtbase.dll
0x00007ffe722f0000 - 0x00007ffe72320000 	C:\Windows\System32\IMM32.DLL
0x0000000051210000 - 0x00000000512e2000 	C:\Program Files\Java\jdk1.8.0_202\jre\bin\msvcr100.dll
0x0000000050960000 - 0x0000000051205000 	C:\Program Files\Java\jdk1.8.0_202\jre\bin\server\jvm.dll
0x00007ffe71fa0000 - 0x00007ffe71fa8000 	C:\Windows\System32\PSAPI.DLL
0x00007ffe62e70000 - 0x00007ffe62e97000 	C:\Windows\SYSTEM32\WINMM.dll
0x00007ffe5ced0000 - 0x00007ffe5ced9000 	C:\Windows\SYSTEM32\WSOCK32.dll
0x00007ffe6b240000 - 0x00007ffe6b24a000 	C:\Windows\SYSTEM32\VERSION.dll
0x00007ffe72150000 - 0x00007ffe721bb000 	C:\Windows\System32\WS2_32.dll
0x00007ffe6ae80000 - 0x00007ffe6ae8f000 	C:\Program Files\Java\jdk1.8.0_202\jre\bin\verify.dll
0x00007ffe67960000 - 0x00007ffe67989000 	C:\Program Files\Java\jdk1.8.0_202\jre\bin\java.dll
0x00007ffe69d20000 - 0x00007ffe69d36000 	C:\Program Files\Java\jdk1.8.0_202\jre\bin\zip.dll
0x00007ffe71320000 - 0x00007ffe71a62000 	C:\Windows\System32\SHELL32.dll
0x00007ffe6e930000 - 0x00007ffe6f0c1000 	C:\Windows\SYSTEM32\windows.storage.dll
0x00007ffe72c80000 - 0x00007ffe72fd5000 	C:\Windows\System32\combase.dll
0x00007ffe70190000 - 0x00007ffe701bc000 	C:\Windows\SYSTEM32\Wldp.dll
0x00007ffe71b20000 - 0x00007ffe71bce000 	C:\Windows\System32\SHCORE.dll
0x00007ffe72450000 - 0x00007ffe724a5000 	C:\Windows\System32\shlwapi.dll
0x00007ffe70730000 - 0x00007ffe7074f000 	C:\Windows\SYSTEM32\profapi.dll

VM Arguments:
jvm_args: -Denv.class.path=C:\Program Files\Java\jdk1.8.0_202;.; -Dapplication.home=C:\Program Files\Java\jdk1.8.0_202 -Xms8m 
java_command: com.sun.tools.javac.Main -d C:\Users\Chayan\Desktop\Programacion\java\mavenproject3\crudClientes\build\classes -classpath C:\Users\Chayan\Desktop\Programacion\java\mavenproject3\crudClientes\build\classes;C:\Program Files\Java\jdk1.8.0_202\jre\lib\javaws.jar;C:\Program Files\Java\jdk1.8.0_202\jre\lib\deploy.jar;C:\Program Files\Java\jdk1.8.0_202\jre\lib\plugin.jar;C:\Users\Chayan\Downloads\algs4.jar;C:\Users\Chayan\Desktop\mysql-connector-j-8.1.0\mysql-connector-j-8.1.0.jar -sourcepath C:\Users\Chayan\Desktop\Programacion\java\mavenproject3\crudClientes\build\empty -target 1.8 -encoding UTF-8 -g -processorpath C:\Program Files\Java\jdk1.8.0_202\jre\lib\javaws.jar;C:\Program Files\Java\jdk1.8.0_202\jre\lib\deploy.jar;C:\Program Files\Java\jdk1.8.0_202\jre\lib\plugin.jar;C:\Users\Chayan\Downloads\algs4.jar;C:\Users\Chayan\Desktop\mysql-connector-j-8.1.0\mysql-connector-j-8.1.0.jar;C:\Users\Chayan\Desktop\Programacion\java\mavenproject3\crudClientes\build\empty -s C:\Users\Chayan\Desktop\Programacion\java\mavenproject3\crudClientes\build\generated-sources\ap-source-output -source 1.8 C:\Users\Chayan\Desktop\Programacion\java\mavenproject3\crudClientes\src\crudclientes\CrudClientes.java C:\Users\Chayan\Desktop\Programacion\java\mavenproject3\crudClientes\src\crudclientes\FXMLDocumentController.java C:\Users\Chayan\Desktop\Programacion\java\mavenproject3\crudClientes\src\datos\Conexion.java C:\Users\Chayan\Desktop\Programacion\java\mavenproject3\crudClientes\src\datos\UsuarioDao.java C:\Users\Chayan\Desktop\Programacion\java\mavenproject3\crudClientes\src\dominio\Usuario.java
java_class_path (initial): C:\Program Files\Java\jdk1.8.0_202/lib/tools.jar;C:\Program Files\Java\jdk1.8.0_202/classes
Launcher Type: SUN_STANDARD

Environment Variables:
JAVA_HOME=C:\Program Files\Java\jdk1.8.0_202
CLASSPATH=C:\Program Files\Java\jdk1.8.0_202;.;
PATH=C:\Python311\Scripts\;C:\Python311\;C:\Python310\Scripts\;C:\Python310\;C:\Program Files\Common Files\Oracle\Java\javapath;C:\Program Files (x86)\Common Files\Oracle\Java\javapath;C:\Windows\system32;C:\Windows;C:\Windows\System32\Wbem;C:\Windows\System32\WindowsPowerShell\v1.0\;C:\Windows\System32\OpenSSH\;C:\Program Files\Java\jdk1.8.0_202\bin;.;C:\ProgramData\chocolatey\bin;C:\Program Files\Git\cmd;C:\Program Files\Git\mingw64\bin;C:\Program Files\Git\usr\bin;C:\Program Files\Java\jdk1.8.0_202\bin;C:\Program Files\nodejs\;C:\Users\Chayan\AppData\Local\Microsoft\WindowsApps;C:\Users\Chayan\AppData\Local\Programs\Microsoft VS Code\bin;C:\AppServ\Apache24\bin;C:\AppServ\php7;C:\AppServ\MySQL\bin;C:\Users\Chayan\AppData\Roaming\npm
USERNAME=Chayan
OS=Windows_NT
PROCESSOR_IDENTIFIER=Intel64 Family 6 Model 142 Stepping 10, GenuineIntel



---------------  S Y S T E M  ---------------

OS: Windows 10.0 , 64 bit Build 19041 (10.0.19041.928)

CPU:total 8 (initial active 8) (4 cores per cpu, 2 threads per core) family 6 model 142 stepping 10, cmov, cx8, fxsr, mmx, sse, sse2, sse3, ssse3, sse4.1, sse4.2, popcnt, avx, avx2, aes, clmul, erms, 3dnowpref, lzcnt, ht, tsc, tscinvbit, bmi1, bmi2, adx

Memory: 4k page, physical 8261220k(742816k free), swap 20654692k(5124k free)

vm_info: Java HotSpot(TM) 64-Bit Server VM (25.202-b08) for windows-amd64 JRE (1.8.0_202-b08), built on Dec 15 2018 19:54:30 by "java_re" with MS VC++ 10.0 (VS2010)

time: Fri Aug 04 11:22:56 2023
timezone: Hora de verano central (México)
elapsed time: 0 seconds (0d 0h 0m 0s)

